<?xml version="1.0" encoding="UTF-8"?>
<!-- Generated by org.testng.reporters.JUnitReportReporter -->
<testsuite hostname="L-INE-6GRQVG3" failures="0" tests="1" name="com.jpackage.NewTest" time="5.387" errors="0" timestamp="2023-09-11T14:29:37 IST" skipped="0">
  <testcase classname="com.jpackage.NewTest" name="f" time="5.387"/>
</testsuite> <!-- com.jpackage.NewTest -->
